<?xml version="1.0" encoding="UTF-8"?>
<!-- Generated by org.testng.reporters.JUnitReportReporter -->
<testsuite hostname="lenovo-PC" name="com.mmt.DataDriven.MyTest" tests="1" failures="0" timestamp="18 Aug 2019 09:05:23 GMT" time="0.016" errors="0">
  <testcase name="baseURL" time="0.016" classname="com.mmt.DataDriven.MyTest"/>
</testsuite> <!-- com.mmt.DataDriven.MyTest -->
